Der Buildvorgang wurde am 15.06.2015 16:02:11 gestartet.
     1>Projekt "C:\ETH\Neuro\GlobalTracking\GlobalTrackingScripts\fiber_tracking\fiber_tracking\fiber_tracking.vcxproj" auf Knoten "2", Build Ziel(e).
     1>ClCompile:
         C:\Apps\Visual Studio 13\VC\bin\CL.exe /c /ZI /nologo /W3 /WX- /Od /Oy- /D WIN32 /D _DEBUG /D _CONSOLE /D _LIB /D _UNICODE /D UNICODE /Gm /EHsc /RTC1 /MDd /GS /fp:precise /Zc:wchar_t /Zc:forScope /Fo"Debug\\" /Fd"Debug\vc120.pdb" /Gd /TP /analyze- /errorReport:prompt fiber_tracking.cpp
         fiber_tracking.cpp
     1>c:\eth\neuro\globaltracking\globaltrackingscripts\fiber_tracking\fiber_tracking\functions.h(97): warning C4244: 'Argument': Konvertierung von 'int' in 'float', möglicher Datenverlust
     1>c:\eth\neuro\globaltracking\globaltrackingscripts\fiber_tracking\fiber_tracking\functions.h(98): warning C4244: 'Argument': Konvertierung von 'int' in 'float', möglicher Datenverlust
     1>c:\eth\neuro\globaltracking\globaltrackingscripts\fiber_tracking\fiber_tracking\functions.h(107): warning C4244: 'Argument': Konvertierung von 'int' in 'float', möglicher Datenverlust
     1>c:\eth\neuro\globaltracking\globaltrackingscripts\fiber_tracking\fiber_tracking\functions.h(108): warning C4244: 'Argument': Konvertierung von 'int' in 'float', möglicher Datenverlust
     1>c:\eth\neuro\globaltracking\globaltrackingscripts\fiber_tracking\fiber_tracking\functions.h(121): warning C4244: '=': Konvertierung von 'double' in 'float', möglicher Datenverlust
     1>c:\eth\neuro\globaltracking\globaltrackingscripts\fiber_tracking\fiber_tracking\functions.h(131): warning C4244: 'Argument': Konvertierung von 'int' in 'float', möglicher Datenverlust
     1>c:\eth\neuro\globaltracking\globaltrackingscripts\fiber_tracking\fiber_tracking\functions.h(132): warning C4244: 'Argument': Konvertierung von 'int' in 'float', möglicher Datenverlust
     1>c:\eth\neuro\globaltracking\globaltrackingscripts\fiber_tracking\fiber_tracking\functions.h(143): warning C4244: '*=': Konvertierung von 'double' in 'float', möglicher Datenverlust
     1>c:\eth\neuro\globaltracking\globaltrackingscripts\fiber_tracking\fiber_tracking\functions.h(184): warning C4244: '*=': Konvertierung von 'double' in 'float', möglicher Datenverlust
     1>c:\eth\neuro\globaltracking\globaltrackingscripts\fiber_tracking\fiber_tracking\functions.h(193): warning C4244: 'Argument': Konvertierung von 'double' in 'float', möglicher Datenverlust
     1>c:\eth\neuro\globaltracking\globaltrackingscripts\fiber_tracking\fiber_tracking\functions.h(195): warning C4244: 'Argument': Konvertierung von 'double' in 'float', möglicher Datenverlust
     1>c:\eth\neuro\globaltracking\globaltrackingscripts\fiber_tracking\fiber_tracking\functions.h(197): warning C4244: 'Argument': Konvertierung von 'double' in 'float', möglicher Datenverlust
     1>c:\eth\neuro\globaltracking\globaltrackingscripts\fiber_tracking\fiber_tracking\functions.h(181): warning C4101: 'y1': Unreferenzierte lokale Variable
     1>c:\eth\neuro\globaltracking\globaltrackingscripts\fiber_tracking\fiber_tracking\functions.h(181): warning C4101: 'x1': Unreferenzierte lokale Variable
     1>c:\eth\neuro\globaltracking\globaltrackingscripts\fiber_tracking\fiber_tracking\functions.h(181): warning C4101: 'z1': Unreferenzierte lokale Variable
     1>c:\eth\neuro\globaltracking\globaltrackingscripts\fiber_tracking\fiber_tracking\fiber_tracking.cpp(7): warning C4996: 'fopen': This function or variable may be unsafe. Consider using fopen_s instead. To disable deprecation, use _CRT_SECURE_NO_WARNINGS. See online help for details.
                 c:\apps\visual studio 13\vc\include\stdio.h(211): Siehe Deklaration von 'fopen'
     1>c:\eth\neuro\globaltracking\globaltrackingscripts\fiber_tracking\fiber_tracking\fiber_tracking.cpp(24): warning C4996: 'fopen': This function or variable may be unsafe. Consider using fopen_s instead. To disable deprecation, use _CRT_SECURE_NO_WARNINGS. See online help for details.
                 c:\apps\visual studio 13\vc\include\stdio.h(211): Siehe Deklaration von 'fopen'
     1>c:\eth\neuro\globaltracking\globaltrackingscripts\fiber_tracking\fiber_tracking\fiber_tracking.cpp(92): warning C4244: '=': Konvertierung von 'int' in 'float', möglicher Datenverlust
     1>c:\eth\neuro\globaltracking\globaltrackingscripts\fiber_tracking\fiber_tracking\fiber_tracking.cpp(93): warning C4244: '=': Konvertierung von 'int' in 'float', möglicher Datenverlust
     1>c:\eth\neuro\globaltracking\globaltrackingscripts\fiber_tracking\fiber_tracking\fiber_tracking.cpp(94): warning C4244: '=': Konvertierung von 'int' in 'float', möglicher Datenverlust
     1>c:\eth\neuro\globaltracking\globaltrackingscripts\fiber_tracking\fiber_tracking\fiber_tracking.cpp(119): warning C4244: '=': Konvertierung von 'double' in 'int', möglicher Datenverlust
     1>c:\eth\neuro\globaltracking\globaltrackingscripts\fiber_tracking\fiber_tracking\fiber_tracking.cpp(125): warning C4244: 'Initialisierung': Konvertierung von 'double' in 'int', möglicher Datenverlust
     1>c:\eth\neuro\globaltracking\globaltrackingscripts\fiber_tracking\fiber_tracking\fiber_tracking.cpp(127): warning C4244: 'Initialisierung': Konvertierung von 'double' in 'int', möglicher Datenverlust
     1>c:\eth\neuro\globaltracking\globaltrackingscripts\fiber_tracking\fiber_tracking\fiber_tracking.cpp(129): warning C4244: 'Initialisierung': Konvertierung von 'double' in 'int', möglicher Datenverlust
       Link:
         C:\Apps\Visual Studio 13\VC\bin\link.exe /ERRORREPORT:PROMPT /OUT:"C:\ETH\Neuro\GlobalTracking\GlobalTrackingScripts\fiber_tracking\Debug\fiber_tracking.exe" /INCREMENTAL /NOLOGO kernel32.lib user32.lib gdi32.lib winspool.lib comdlg32.lib advapi32.lib shell32.lib ole32.lib oleaut32.lib uuid.lib odbc32.lib odbccp32.lib /MANIFEST /MANIFESTUAC:"level='asInvoker' uiAccess='false'" /manifest:embed /DEBUG /PDB:"C:\ETH\Neuro\GlobalTracking\GlobalTrackingScripts\fiber_tracking\Debug\fiber_tracking.pdb" /SUBSYSTEM:CONSOLE /TLBID:1 /DYNAMICBASE /NXCOMPAT /IMPLIB:"C:\ETH\Neuro\GlobalTracking\GlobalTrackingScripts\fiber_tracking\Debug\fiber_tracking.lib" /MACHINE:X86 Debug\fiber_tracking.obj
         fiber_tracking.vcxproj -> C:\ETH\Neuro\GlobalTracking\GlobalTrackingScripts\fiber_tracking\Debug\fiber_tracking.exe
     1>Die Erstellung des Projekts "C:\ETH\Neuro\GlobalTracking\GlobalTrackingScripts\fiber_tracking\fiber_tracking\fiber_tracking.vcxproj" ist abgeschlossen, Build Ziel(e).

Build erfolgreich.

Verstrichene Zeit 00:00:00.70
